<?xml version="1.0" encoding="UTF-8"?>
<testng-results ignored="0" total="3" passed="3" failed="0" skipped="0">
  <reporter-output>
  </reporter-output>
  <suite started-at="2023-08-14T19:09:26 IST" name="Default suite" finished-at="2023-08-14T19:09:26 IST" duration-ms="115">
    <groups>
    </groups>
    <test started-at="2023-08-14T19:09:26 IST" name="Default test" finished-at="2023-08-14T19:09:26 IST" duration-ms="115">
      <class name="DataProvider.Demo$TestAnnotationDataProvider">
        <test-method signature="testMethod(java.lang.String)[pri:0, instance:DataProvider.Demo$TestAnnotationDataProvider@6283d8b8]" started-at="2023-08-14T19:09:26 IST" name="testMethod" data-provider="data-provider" finished-at="2023-08-14T19:09:26 IST" duration-ms="8" status="PASS">
          <params>
            <param index="0">
              <value>
                <![CDATA[data one]]>
              </value>
            </param>
          </params>
          <reporter-output>
          </reporter-output>
        </test-method> <!-- testMethod -->
        <test-method signature="testMethod(java.lang.String)[pri:0, instance:DataProvider.Demo$TestAnnotationDataProvider@6283d8b8]" started-at="2023-08-14T19:09:26 IST" name="testMethod" data-provider="data-provider" finished-at="2023-08-14T19:09:26 IST" duration-ms="2" status="PASS">
          <params>
            <param index="0">
              <value>
                <![CDATA[data two]]>
              </value>
            </param>
          </params>
          <reporter-output>
          </reporter-output>
        </test-method> <!-- testMethod -->
        <test-method signature="testMethod(java.lang.String)[pri:0, instance:DataProvider.Demo$TestAnnotationDataProvider@6283d8b8]" started-at="2023-08-14T19:09:26 IST" name="testMethod" data-provider="data-provider" finished-at="2023-08-14T19:09:26 IST" duration-ms="9" status="PASS">
          <params>
            <param index="0">
              <value>
                <![CDATA[data three]]>
              </value>
            </param>
          </params>
          <reporter-output>
          </reporter-output>
        </test-method> <!-- testMethod -->
      </class> <!-- DataProvider.Demo$TestAnnotationDataProvider -->
    </test> <!-- Default test -->
  </suite> <!-- Default suite -->
</testng-results>
