<?xml version="1.0" encoding="UTF-8"?>
<!-- Generated by org.testng.reporters.JUnitXMLReporter -->
<testsuite ignored="0" hostname="DESKTOP-CVBABQR" failures="0" tests="3" name="Default test" time="0.115" errors="0" timestamp="2023-08-14T19:09:26 IST">
  <testcase classname="DataProvider.Demo$TestAnnotationDataProvider" name="testMethod" time="0.008"/>
  <testcase classname="DataProvider.Demo$TestAnnotationDataProvider" name="testMethod" time="0.002"/>
  <testcase classname="DataProvider.Demo$TestAnnotationDataProvider" name="testMethod" time="0.009"/>
</testsuite> <!-- Default test -->
